[0.008s] Invoking command in '/home/pjy/ros2_ws/src/ea_ipm/build/ea_ipm': CMAKE_PREFIX_PATH=/opt/ros/foxy /usr/bin/cmake --build /home/pjy/ros2_ws/src/ea_ipm/build/ea_ipm -- -j16 -l16
[0.034s] [35m[1mScanning dependencies of target ea_ipm_node[0m
[0.055s] [ 33%] [32mBuilding CXX object CMakeFiles/ea_ipm_node.dir/src/get_ea_ipm.cpp.o[0m
[1.414s] [01m[K/home/pjy/ros2_ws/src/ea_ipm/src/get_ea_ipm.cpp:[m[K In member function ‘[01m[Kcv::Mat EA_IPM::get_roi_mask(cv::Mat, cv::Point*)[m[K’:
[1.414s] [01m[K/home/pjy/ros2_ws/src/ea_ipm/src/get_ea_ipm.cpp:19:1:[m[K [01;35m[Kwarning: [m[Kno return statement in function returning non-void [[01;35m[K-Wreturn-type[m[K]
[1.414s]    19 | [01;35m[K}[m[K
[1.414s]       | [01;35m[K^[m[K
[1.414s] [01m[K/home/pjy/ros2_ws/src/ea_ipm/src/get_ea_ipm.cpp:16:38:[m[K [01;35m[Kwarning: [m[Kunused parameter ‘[01m[Kimg[m[K’ [[01;35m[K-Wunused-parameter[m[K]
[1.414s]    16 | cv::Mat EA_IPM::get_roi_mask([01;35m[Kcv::Mat img[m[K, cv::Point* points)
[1.414s]       |                              [01;35m[K~~~~~~~~^~~[m[K
[1.414s] [01m[K/home/pjy/ros2_ws/src/ea_ipm/src/get_ea_ipm.cpp:16:54:[m[K [01;35m[Kwarning: [m[Kunused parameter ‘[01m[Kpoints[m[K’ [[01;35m[K-Wunused-parameter[m[K]
[1.414s]    16 | cv::Mat EA_IPM::get_roi_mask(cv::Mat img, [01;35m[Kcv::Point* points[m[K)
[1.414s]       |                                           [01;35m[K~~~~~~~~~~~^~~~~~[m[K
[1.420s] [01m[K/home/pjy/ros2_ws/src/ea_ipm/src/get_ea_ipm.cpp:[m[K In member function ‘[01m[Kvoid EA_IPM::topic_callback(sensor_msgs::msg::CompressedImage_<std::allocator<void> >::SharedPtr)[m[K’:
[1.420s] [01m[K/home/pjy/ros2_ws/src/ea_ipm/src/get_ea_ipm.cpp:24:20:[m[K [01;35m[Kwarning: [m[Kvariable ‘[01m[Kimage_row[m[K’ set but not used [[01;35m[K-Wunused-but-set-variable[m[K]
[1.420s]    24 |     int image_col, [01;35m[Kimage_row[m[K;
[1.420s]       |                    [01;35m[K^~~~~~~~~[m[K
[3.696s] [ 66%] [32m[1mLinking CXX executable ea_ipm_node[0m
[4.084s] [100%] Built target ea_ipm_node
[4.094s] Invoked command in '/home/pjy/ros2_ws/src/ea_ipm/build/ea_ipm' returned '0': CMAKE_PREFIX_PATH=/opt/ros/foxy /usr/bin/cmake --build /home/pjy/ros2_ws/src/ea_ipm/build/ea_ipm -- -j16 -l16
[4.113s] Invoking command in '/home/pjy/ros2_ws/src/ea_ipm/build/ea_ipm': CMAKE_PREFIX_PATH=/opt/ros/foxy /usr/bin/cmake --install /home/pjy/ros2_ws/src/ea_ipm/build/ea_ipm
[4.126s] -- Install configuration: ""
[4.127s] -- Installing: /home/pjy/ros2_ws/src/ea_ipm/install/ea_ipm/lib/ea_ipm/ea_ipm_node
[4.129s] -- Set runtime path of "/home/pjy/ros2_ws/src/ea_ipm/install/ea_ipm/lib/ea_ipm/ea_ipm_node" to ""
[4.129s] -- Up-to-date: /home/pjy/ros2_ws/src/ea_ipm/install/ea_ipm/share/ament_index/resource_index/package_run_dependencies/ea_ipm
[4.129s] -- Up-to-date: /home/pjy/ros2_ws/src/ea_ipm/install/ea_ipm/share/ament_index/resource_index/parent_prefix_path/ea_ipm
[4.129s] -- Up-to-date: /home/pjy/ros2_ws/src/ea_ipm/install/ea_ipm/share/ea_ipm/environment/ament_prefix_path.sh
[4.129s] -- Up-to-date: /home/pjy/ros2_ws/src/ea_ipm/install/ea_ipm/share/ea_ipm/environment/ament_prefix_path.dsv
[4.129s] -- Up-to-date: /home/pjy/ros2_ws/src/ea_ipm/install/ea_ipm/share/ea_ipm/environment/path.sh
[4.129s] -- Up-to-date: /home/pjy/ros2_ws/src/ea_ipm/install/ea_ipm/share/ea_ipm/environment/path.dsv
[4.129s] -- Up-to-date: /home/pjy/ros2_ws/src/ea_ipm/install/ea_ipm/share/ea_ipm/local_setup.bash
[4.129s] -- Up-to-date: /home/pjy/ros2_ws/src/ea_ipm/install/ea_ipm/share/ea_ipm/local_setup.sh
[4.129s] -- Up-to-date: /home/pjy/ros2_ws/src/ea_ipm/install/ea_ipm/share/ea_ipm/local_setup.zsh
[4.129s] -- Up-to-date: /home/pjy/ros2_ws/src/ea_ipm/install/ea_ipm/share/ea_ipm/local_setup.dsv
[4.129s] -- Installing: /home/pjy/ros2_ws/src/ea_ipm/install/ea_ipm/share/ea_ipm/package.dsv
[4.130s] -- Up-to-date: /home/pjy/ros2_ws/src/ea_ipm/install/ea_ipm/share/ament_index/resource_index/packages/ea_ipm
[4.130s] -- Up-to-date: /home/pjy/ros2_ws/src/ea_ipm/install/ea_ipm/share/ea_ipm/cmake/ea_ipmConfig.cmake
[4.130s] -- Up-to-date: /home/pjy/ros2_ws/src/ea_ipm/install/ea_ipm/share/ea_ipm/cmake/ea_ipmConfig-version.cmake
[4.130s] -- Up-to-date: /home/pjy/ros2_ws/src/ea_ipm/install/ea_ipm/share/ea_ipm/package.xml
[4.131s] Invoked command in '/home/pjy/ros2_ws/src/ea_ipm/build/ea_ipm' returned '0': CMAKE_PREFIX_PATH=/opt/ros/foxy /usr/bin/cmake --install /home/pjy/ros2_ws/src/ea_ipm/build/ea_ipm
