[0.009s] Invoking command in '/home/pjy/ros2_ws/src/ea_ipm/build/ea_ipm': CMAKE_PREFIX_PATH=${CMAKE_PREFIX_PATH}:/opt/ros/foxy /usr/bin/cmake --build /home/pjy/ros2_ws/src/ea_ipm/build/ea_ipm -- -j16 -l16
[0.024s] -- Found ament_cmake: 0.9.9 (/opt/ros/foxy/share/ament_cmake/cmake)
[0.038s] -- Using PYTHON_EXECUTABLE: /usr/bin/python3
[0.147s] -- Found rclcpp: 2.4.1 (/opt/ros/foxy/share/rclcpp/cmake)
[0.167s] -- Using all available rosidl_typesupport_c: rosidl_typesupport_fastrtps_c;rosidl_typesupport_introspection_c
[0.169s] -- Found rosidl_adapter: 1.2.1 (/opt/ros/foxy/share/rosidl_adapter/cmake)
[0.237s] -- Using all available rosidl_typesupport_cpp: rosidl_typesupport_fastrtps_cpp;rosidl_typesupport_introspection_cpp
[0.265s] -- Found rmw_implementation_cmake: 1.0.3 (/opt/ros/foxy/share/rmw_implementation_cmake/cmake)
[0.265s] -- Using RMW implementation 'rmw_fastrtps_cpp' as default
[0.346s] -- Found sensor_msgs: 2.0.5 (/opt/ros/foxy/share/sensor_msgs/cmake)
[0.415s] -- Found cv_bridge: 2.2.1 (/opt/ros/foxy/share/cv_bridge/cmake)
[0.420s] -- Found ament_lint_auto: 0.9.6 (/opt/ros/foxy/share/ament_lint_auto/cmake)
[0.458s] -- Added test 'copyright' to check source files copyright and LICENSE
[0.462s] -- Added test 'cppcheck' to perform static code analysis on C / C++ code
[0.463s] -- Configured cppcheck include dirs: /home/pjy/ros2_ws/src/ea_ipm/include;/home/pjy/ros2_ws/src/ea_ipm/home/pjy/ros2_ws/src/ea_ipm/include/ea_ipm
[0.463s] -- Configured cppcheck exclude dirs and/or files: 
[0.467s] -- Added test 'cpplint' to check C / C++ code against the Google style
[0.467s] -- Configured cpplint exclude dirs and/or files: 
[0.468s] -- Added test 'flake8' to check Python code syntax and style conventions
[0.469s] -- Added test 'lint_cmake' to check CMake code style
[0.470s] -- Added test 'pep257' to check Python code against some of the style conventions in PEP 257
[0.474s] -- Added test 'uncrustify' to check C / C++ code style
[0.474s] -- Configured uncrustify additional arguments: 
[0.474s] -- Added test 'xmllint' to check XML markup files
[0.476s] -- Configuring done
[0.484s] -- Generating done
[0.485s] -- Build files have been written to: /home/pjy/ros2_ws/src/ea_ipm/build/ea_ipm
[0.508s] [ 50%] [32m[1mLinking CXX executable ea_ipm[0m
[0.847s] /usr/bin/ld: /usr/lib/gcc/x86_64-linux-gnu/9/../../../x86_64-linux-gnu/Scrt1.o: in function `_start':
[0.847s] (.text+0x24): undefined reference to `main'
[0.855s] collect2: error: ld returned 1 exit status
[0.856s] make[2]: *** [CMakeFiles/ea_ipm.dir/build.make:190: ea_ipm] Error 1
[0.856s] make[1]: *** [CMakeFiles/Makefile2:78: CMakeFiles/ea_ipm.dir/all] Error 2
[0.856s] make: *** [Makefile:141: all] Error 2
[0.857s] Invoked command in '/home/pjy/ros2_ws/src/ea_ipm/build/ea_ipm' returned '2': CMAKE_PREFIX_PATH=${CMAKE_PREFIX_PATH}:/opt/ros/foxy /usr/bin/cmake --build /home/pjy/ros2_ws/src/ea_ipm/build/ea_ipm -- -j16 -l16
