[0.010s] Invoking command in '/home/pjy/ros2_ws/src/ea_ipm/build/ea_ipm': CMAKE_PREFIX_PATH=${CMAKE_PREFIX_PATH}:/opt/ros/foxy /usr/bin/cmake --build /home/pjy/ros2_ws/src/ea_ipm/build/ea_ipm -- -j16 -l16
[0.035s] [35m[1mScanning dependencies of target ea_ipm[0m
[0.054s] [ 50%] [32mBuilding CXX object CMakeFiles/ea_ipm.dir/src/get_ea_ipm.cpp.o[0m
[3.713s] [100%] [32m[1mLinking CXX executable ea_ipm[0m
[4.046s] [100%] Built target ea_ipm
[4.055s] Invoked command in '/home/pjy/ros2_ws/src/ea_ipm/build/ea_ipm' returned '0': CMAKE_PREFIX_PATH=${CMAKE_PREFIX_PATH}:/opt/ros/foxy /usr/bin/cmake --build /home/pjy/ros2_ws/src/ea_ipm/build/ea_ipm -- -j16 -l16
[4.075s] Invoking command in '/home/pjy/ros2_ws/src/ea_ipm/build/ea_ipm': CMAKE_PREFIX_PATH=${CMAKE_PREFIX_PATH}:/opt/ros/foxy /usr/bin/cmake --install /home/pjy/ros2_ws/src/ea_ipm/build/ea_ipm
[4.080s] -- Install configuration: ""
[4.080s] -- Installing: /home/pjy/ros2_ws/src/ea_ipm/install/ea_ipm/lib/ea_ipm/ea_ipm
[4.081s] -- Set runtime path of "/home/pjy/ros2_ws/src/ea_ipm/install/ea_ipm/lib/ea_ipm/ea_ipm" to ""
[4.081s] -- Up-to-date: /home/pjy/ros2_ws/src/ea_ipm/install/ea_ipm/share/ament_index/resource_index/package_run_dependencies/ea_ipm
[4.081s] -- Up-to-date: /home/pjy/ros2_ws/src/ea_ipm/install/ea_ipm/share/ament_index/resource_index/parent_prefix_path/ea_ipm
[4.081s] -- Up-to-date: /home/pjy/ros2_ws/src/ea_ipm/install/ea_ipm/share/ea_ipm/environment/ament_prefix_path.sh
[4.082s] -- Up-to-date: /home/pjy/ros2_ws/src/ea_ipm/install/ea_ipm/share/ea_ipm/environment/ament_prefix_path.dsv
[4.082s] -- Up-to-date: /home/pjy/ros2_ws/src/ea_ipm/install/ea_ipm/share/ea_ipm/environment/path.sh
[4.082s] -- Up-to-date: /home/pjy/ros2_ws/src/ea_ipm/install/ea_ipm/share/ea_ipm/environment/path.dsv
[4.082s] -- Up-to-date: /home/pjy/ros2_ws/src/ea_ipm/install/ea_ipm/share/ea_ipm/local_setup.bash
[4.082s] -- Up-to-date: /home/pjy/ros2_ws/src/ea_ipm/install/ea_ipm/share/ea_ipm/local_setup.sh
[4.082s] -- Up-to-date: /home/pjy/ros2_ws/src/ea_ipm/install/ea_ipm/share/ea_ipm/local_setup.zsh
[4.082s] -- Up-to-date: /home/pjy/ros2_ws/src/ea_ipm/install/ea_ipm/share/ea_ipm/local_setup.dsv
[4.082s] -- Installing: /home/pjy/ros2_ws/src/ea_ipm/install/ea_ipm/share/ea_ipm/package.dsv
[4.082s] -- Up-to-date: /home/pjy/ros2_ws/src/ea_ipm/install/ea_ipm/share/ament_index/resource_index/packages/ea_ipm
[4.082s] -- Up-to-date: /home/pjy/ros2_ws/src/ea_ipm/install/ea_ipm/share/ea_ipm/cmake/ea_ipmConfig.cmake
[4.082s] -- Up-to-date: /home/pjy/ros2_ws/src/ea_ipm/install/ea_ipm/share/ea_ipm/cmake/ea_ipmConfig-version.cmake
[4.082s] -- Up-to-date: /home/pjy/ros2_ws/src/ea_ipm/install/ea_ipm/share/ea_ipm/package.xml
[4.083s] Invoked command in '/home/pjy/ros2_ws/src/ea_ipm/build/ea_ipm' returned '0': CMAKE_PREFIX_PATH=${CMAKE_PREFIX_PATH}:/opt/ros/foxy /usr/bin/cmake --install /home/pjy/ros2_ws/src/ea_ipm/build/ea_ipm
