[0.010s] Invoking command in '/home/pjy/ros2_ws/src/ea_ipm/build/ea_ipm': CMAKE_PREFIX_PATH=${CMAKE_PREFIX_PATH}:/opt/ros/foxy /usr/bin/cmake --build /home/pjy/ros2_ws/src/ea_ipm/build/ea_ipm -- -j16 -l16
[0.025s] -- Found ament_cmake: 0.9.9 (/opt/ros/foxy/share/ament_cmake/cmake)
[0.039s] -- Using PYTHON_EXECUTABLE: /usr/bin/python3
[0.152s] -- Found rclcpp: 2.4.1 (/opt/ros/foxy/share/rclcpp/cmake)
[0.171s] -- Using all available rosidl_typesupport_c: rosidl_typesupport_fastrtps_c;rosidl_typesupport_introspection_c
[0.174s] -- Found rosidl_adapter: 1.2.1 (/opt/ros/foxy/share/rosidl_adapter/cmake)
[0.243s] -- Using all available rosidl_typesupport_cpp: rosidl_typesupport_fastrtps_cpp;rosidl_typesupport_introspection_cpp
[0.270s] -- Found rmw_implementation_cmake: 1.0.3 (/opt/ros/foxy/share/rmw_implementation_cmake/cmake)
[0.271s] -- Using RMW implementation 'rmw_fastrtps_cpp' as default
[0.351s] -- Found sensor_msgs: 2.0.5 (/opt/ros/foxy/share/sensor_msgs/cmake)
[0.421s] -- Found cv_bridge: 2.2.1 (/opt/ros/foxy/share/cv_bridge/cmake)
[0.426s] -- Found ament_lint_auto: 0.9.6 (/opt/ros/foxy/share/ament_lint_auto/cmake)
[0.465s] -- Added test 'copyright' to check source files copyright and LICENSE
[0.471s] -- Added test 'cppcheck' to perform static code analysis on C / C++ code
[0.471s] -- Configured cppcheck include dirs: /home/pjy/ros2_ws/src/ea_ipm/include
[0.472s] -- Configured cppcheck exclude dirs and/or files: 
[0.477s] -- Added test 'cpplint' to check C / C++ code against the Google style
[0.478s] -- Configured cpplint exclude dirs and/or files: 
[0.478s] -- Added test 'flake8' to check Python code syntax and style conventions
[0.480s] -- Added test 'lint_cmake' to check CMake code style
[0.481s] -- Added test 'pep257' to check Python code against some of the style conventions in PEP 257
[0.487s] -- Added test 'uncrustify' to check C / C++ code style
[0.487s] -- Configured uncrustify additional arguments: 
[0.487s] -- Added test 'xmllint' to check XML markup files
[0.489s] -- Configuring done
[0.497s] -- Generating done
[0.498s] -- Build files have been written to: /home/pjy/ros2_ws/src/ea_ipm/build/ea_ipm
[0.513s] [35m[1mScanning dependencies of target ea_ipm_node[0m
[0.543s] [ 50%] [32mBuilding CXX object CMakeFiles/ea_ipm_node.dir/src/get_ea_ipm.cpp.o[0m
[4.275s] [100%] [32m[1mLinking CXX executable ea_ipm_node[0m
[4.597s] /usr/bin/ld: /usr/lib/gcc/x86_64-linux-gnu/9/../../../x86_64-linux-gnu/Scrt1.o: in function `_start':
[4.597s] (.text+0x24): undefined reference to `main'
[4.604s] collect2: error: ld returned 1 exit status
[4.605s] make[2]: *** [CMakeFiles/ea_ipm_node.dir/build.make:190: ea_ipm_node] Error 1
[4.605s] make[1]: *** [CMakeFiles/Makefile2:78: CMakeFiles/ea_ipm_node.dir/all] Error 2
[4.606s] make: *** [Makefile:141: all] Error 2
[4.607s] Invoked command in '/home/pjy/ros2_ws/src/ea_ipm/build/ea_ipm' returned '2': CMAKE_PREFIX_PATH=${CMAKE_PREFIX_PATH}:/opt/ros/foxy /usr/bin/cmake --build /home/pjy/ros2_ws/src/ea_ipm/build/ea_ipm -- -j16 -l16
