[0.010s] Invoking command in '/home/pjy/ros2_ws/src/ea_ipm/build/ea_ipm': CMAKE_PREFIX_PATH=${CMAKE_PREFIX_PATH}:/opt/ros/foxy /usr/bin/cmake --build /home/pjy/ros2_ws/src/ea_ipm/build/ea_ipm -- -j16 -l16
[0.025s] -- Found ament_cmake: 0.9.9 (/opt/ros/foxy/share/ament_cmake/cmake)
[0.038s] -- Using PYTHON_EXECUTABLE: /usr/bin/python3
[0.149s] -- Found rclcpp: 2.4.1 (/opt/ros/foxy/share/rclcpp/cmake)
[0.168s] -- Using all available rosidl_typesupport_c: rosidl_typesupport_fastrtps_c;rosidl_typesupport_introspection_c
[0.170s] -- Found rosidl_adapter: 1.2.1 (/opt/ros/foxy/share/rosidl_adapter/cmake)
[0.239s] -- Using all available rosidl_typesupport_cpp: rosidl_typesupport_fastrtps_cpp;rosidl_typesupport_introspection_cpp
[0.267s] -- Found rmw_implementation_cmake: 1.0.3 (/opt/ros/foxy/share/rmw_implementation_cmake/cmake)
[0.268s] -- Using RMW implementation 'rmw_fastrtps_cpp' as default
[0.347s] -- Found sensor_msgs: 2.0.5 (/opt/ros/foxy/share/sensor_msgs/cmake)
[0.417s] -- Found cv_bridge: 2.2.1 (/opt/ros/foxy/share/cv_bridge/cmake)
[0.422s] -- Found ament_lint_auto: 0.9.6 (/opt/ros/foxy/share/ament_lint_auto/cmake)
[0.461s] -- Added test 'copyright' to check source files copyright and LICENSE
[0.466s] -- Added test 'cppcheck' to perform static code analysis on C / C++ code
[0.466s] -- Configured cppcheck include dirs: /home/pjy/ros2_ws/src/ea_ipm/include;/home/pjy/ros2_ws/src/ea_ipm/home/pjy/ros2_ws/src/ea_ipm/include/ea_ipm
[0.466s] -- Configured cppcheck exclude dirs and/or files: 
[0.470s] -- Added test 'cpplint' to check C / C++ code against the Google style
[0.470s] -- Configured cpplint exclude dirs and/or files: 
[0.471s] -- Added test 'flake8' to check Python code syntax and style conventions
[0.472s] -- Added test 'lint_cmake' to check CMake code style
[0.473s] -- Added test 'pep257' to check Python code against some of the style conventions in PEP 257
[0.477s] -- Added test 'uncrustify' to check C / C++ code style
[0.477s] -- Configured uncrustify additional arguments: 
[0.478s] -- Added test 'xmllint' to check XML markup files
[0.479s] -- Configuring done
[0.487s] -- Generating done
[0.488s] -- Build files have been written to: /home/pjy/ros2_ws/src/ea_ipm/build/ea_ipm
[0.503s] [35m[1mScanning dependencies of target ea_ipm[0m
[0.509s] [ 50%] [32mBuilding CXX object CMakeFiles/ea_ipm.dir/src/get_ea_ipm.cpp.o[0m
[4.227s] [100%] [32m[1mLinking CXX executable ea_ipm[0m
[4.540s] /usr/bin/ld: /usr/lib/gcc/x86_64-linux-gnu/9/../../../x86_64-linux-gnu/Scrt1.o: in function `_start':
[4.540s] (.text+0x24): undefined reference to `main'
[4.548s] collect2: error: ld returned 1 exit status
[4.548s] make[2]: *** [CMakeFiles/ea_ipm.dir/build.make:190: ea_ipm] Error 1
[4.549s] make[1]: *** [CMakeFiles/Makefile2:78: CMakeFiles/ea_ipm.dir/all] Error 2
[4.549s] make: *** [Makefile:141: all] Error 2
[4.550s] Invoked command in '/home/pjy/ros2_ws/src/ea_ipm/build/ea_ipm' returned '2': CMAKE_PREFIX_PATH=${CMAKE_PREFIX_PATH}:/opt/ros/foxy /usr/bin/cmake --build /home/pjy/ros2_ws/src/ea_ipm/build/ea_ipm -- -j16 -l16
