[0.010s] Invoking command in '/home/pjy/ros2_ws/src/ea_ipm/build/ea_ipm': CMAKE_PREFIX_PATH=${CMAKE_PREFIX_PATH}:/opt/ros/foxy /usr/bin/cmake --build /home/pjy/ros2_ws/src/ea_ipm/build/ea_ipm -- -j16 -l16
[0.036s] [35m[1mScanning dependencies of target ea_ipm_node[0m
[0.056s] [ 33%] [32mBuilding CXX object CMakeFiles/ea_ipm_node.dir/src/get_ea_ipm.cpp.o[0m
[1.500s] [01m[K/home/pjy/ros2_ws/src/ea_ipm/src/get_ea_ipm.cpp:[m[K In member function ‘[01m[Kvoid EA_IPM::topic_callback(sensor_msgs::msg::CompressedImage_<std::allocator<void> >::SharedPtr)[m[K’:
[1.500s] [01m[K/home/pjy/ros2_ws/src/ea_ipm/src/get_ea_ipm.cpp:26:9:[m[K [01;35m[Kwarning: [m[Kvariable ‘[01m[Kimage_col[m[K’ set but not used [[01;35m[K-Wunused-but-set-variable[m[K]
[1.500s]    26 |     int [01;35m[Kimage_col[m[K, image_row;
[1.500s]       |         [01;35m[K^~~~~~~~~[m[K
[1.500s] [01m[K/home/pjy/ros2_ws/src/ea_ipm/src/get_ea_ipm.cpp:26:20:[m[K [01;35m[Kwarning: [m[Kvariable ‘[01m[Kimage_row[m[K’ set but not used [[01;35m[K-Wunused-but-set-variable[m[K]
[1.500s]    26 |     int image_col, [01;35m[Kimage_row[m[K;
[1.500s]       |                    [01;35m[K^~~~~~~~~[m[K
[3.834s] [ 66%] [32m[1mLinking CXX executable ea_ipm_node[0m
[4.154s] [100%] Built target ea_ipm_node
[4.165s] Invoked command in '/home/pjy/ros2_ws/src/ea_ipm/build/ea_ipm' returned '0': CMAKE_PREFIX_PATH=${CMAKE_PREFIX_PATH}:/opt/ros/foxy /usr/bin/cmake --build /home/pjy/ros2_ws/src/ea_ipm/build/ea_ipm -- -j16 -l16
[4.184s] Invoking command in '/home/pjy/ros2_ws/src/ea_ipm/build/ea_ipm': CMAKE_PREFIX_PATH=${CMAKE_PREFIX_PATH}:/opt/ros/foxy /usr/bin/cmake --install /home/pjy/ros2_ws/src/ea_ipm/build/ea_ipm
[4.190s] -- Install configuration: ""
[4.191s] -- Installing: /home/pjy/ros2_ws/src/ea_ipm/install/ea_ipm/lib/ea_ipm/ea_ipm_node
[4.192s] -- Set runtime path of "/home/pjy/ros2_ws/src/ea_ipm/install/ea_ipm/lib/ea_ipm/ea_ipm_node" to ""
[4.192s] -- Up-to-date: /home/pjy/ros2_ws/src/ea_ipm/install/ea_ipm/share/ament_index/resource_index/package_run_dependencies/ea_ipm
[4.192s] -- Up-to-date: /home/pjy/ros2_ws/src/ea_ipm/install/ea_ipm/share/ament_index/resource_index/parent_prefix_path/ea_ipm
[4.192s] -- Up-to-date: /home/pjy/ros2_ws/src/ea_ipm/install/ea_ipm/share/ea_ipm/environment/ament_prefix_path.sh
[4.192s] -- Up-to-date: /home/pjy/ros2_ws/src/ea_ipm/install/ea_ipm/share/ea_ipm/environment/ament_prefix_path.dsv
[4.192s] -- Up-to-date: /home/pjy/ros2_ws/src/ea_ipm/install/ea_ipm/share/ea_ipm/environment/path.sh
[4.192s] -- Up-to-date: /home/pjy/ros2_ws/src/ea_ipm/install/ea_ipm/share/ea_ipm/environment/path.dsv
[4.192s] -- Up-to-date: /home/pjy/ros2_ws/src/ea_ipm/install/ea_ipm/share/ea_ipm/local_setup.bash
[4.192s] -- Up-to-date: /home/pjy/ros2_ws/src/ea_ipm/install/ea_ipm/share/ea_ipm/local_setup.sh
[4.192s] -- Up-to-date: /home/pjy/ros2_ws/src/ea_ipm/install/ea_ipm/share/ea_ipm/local_setup.zsh
[4.193s] -- Up-to-date: /home/pjy/ros2_ws/src/ea_ipm/install/ea_ipm/share/ea_ipm/local_setup.dsv
[4.193s] -- Installing: /home/pjy/ros2_ws/src/ea_ipm/install/ea_ipm/share/ea_ipm/package.dsv
[4.193s] -- Up-to-date: /home/pjy/ros2_ws/src/ea_ipm/install/ea_ipm/share/ament_index/resource_index/packages/ea_ipm
[4.193s] -- Up-to-date: /home/pjy/ros2_ws/src/ea_ipm/install/ea_ipm/share/ea_ipm/cmake/ea_ipmConfig.cmake
[4.193s] -- Up-to-date: /home/pjy/ros2_ws/src/ea_ipm/install/ea_ipm/share/ea_ipm/cmake/ea_ipmConfig-version.cmake
[4.193s] -- Up-to-date: /home/pjy/ros2_ws/src/ea_ipm/install/ea_ipm/share/ea_ipm/package.xml
[4.194s] Invoked command in '/home/pjy/ros2_ws/src/ea_ipm/build/ea_ipm' returned '0': CMAKE_PREFIX_PATH=${CMAKE_PREFIX_PATH}:/opt/ros/foxy /usr/bin/cmake --install /home/pjy/ros2_ws/src/ea_ipm/build/ea_ipm
