[0.093s] DEBUG:colcon:Command line arguments: ['/usr/bin/colcon', 'build']
[0.093s] DEBUG:colcon:Parsed command line arguments: Namespace(allow_overriding=[], ament_cmake_args=None, base_paths=['.'], build_base='build', catkin_cmake_args=None, catkin_skip_building_tests=False, cmake_args=None, cmake_clean_cache=False, cmake_clean_first=False, cmake_force_configure=False, cmake_target=None, cmake_target_skip_unavailable=False, continue_on_error=False, event_handlers=None, executor='parallel', ignore_user_meta=False, install_base='install', log_base=None, log_level=None, main=<bound method BuildVerb.main of <colcon_core.verb.build.BuildVerb object at 0x7fbb9ac1e5b0>>, merge_install=False, metas=['./colcon.meta'], packages_above=None, packages_above_and_dependencies=None, packages_above_depth=None, packages_end=None, packages_ignore=None, packages_ignore_regex=None, packages_select=None, packages_select_build_failed=False, packages_select_by_dep=None, packages_select_regex=None, packages_select_test_failures=False, packages_skip=None, packages_skip_build_finished=False, packages_skip_by_dep=None, packages_skip_regex=None, packages_skip_test_passed=False, packages_skip_up_to=None, packages_start=None, packages_up_to=None, packages_up_to_regex=None, parallel_workers=16, paths=None, symlink_install=False, test_result_base=None, verb_extension=<colcon_core.verb.build.BuildVerb object at 0x7fbb9ac1e5b0>, verb_name='build', verb_parser=<colcon_defaults.argument_parser.defaults.DefaultArgumentsDecorator object at 0x7fbb9ac1eaf0>)
[0.108s] Level 1:colcon.colcon_core.package_discovery:discover_packages(colcon_meta) check parameters
[0.108s] Level 1:colcon.colcon_core.package_discovery:discover_packages(recursive) check parameters
[0.109s] Level 1:colcon.colcon_core.package_discovery:discover_packages(ignore) check parameters
[0.109s] Level 1:colcon.colcon_core.package_discovery:discover_packages(path) check parameters
[0.109s] Level 1:colcon.colcon_core.package_discovery:discover_packages(colcon_meta) discover
[0.109s] Level 1:colcon.colcon_core.package_discovery:discover_packages(recursive) discover
[0.109s] INFO:colcon.colcon_core.package_discovery:Crawling recursively for packages in '/home/pjy/ros2_ws/src/ea_ipm'
[0.109s] Level 1:colcon.colcon_core.package_identification:_identify(.) by extensions ['ignore', 'ignore_ament_install']
[0.109s] Level 1:colcon.colcon_core.package_identification:_identify(.) by extension 'ignore'
[0.109s] Level 1:colcon.colcon_core.package_identification:_identify(.) by extension 'ignore_ament_install'
[0.109s] Level 1:colcon.colcon_core.package_identification:_identify(.) by extensions ['colcon_pkg']
[0.109s] Level 1:colcon.colcon_core.package_identification:_identify(.) by extension 'colcon_pkg'
[0.109s] Level 1:colcon.colcon_core.package_identification:_identify(.) by extensions ['colcon_meta']
[0.109s] Level 1:colcon.colcon_core.package_identification:_identify(.) by extension 'colcon_meta'
[0.109s] Level 1:colcon.colcon_core.package_identification:_identify(.) by extensions ['ros']
[0.109s] Level 1:colcon.colcon_core.package_identification:_identify(.) by extension 'ros'
[0.117s] DEBUG:colcon.colcon_core.package_identification:Package '.' with type 'ros.ament_cmake' and name 'ea_ipm'
[0.117s] Level 1:colcon.colcon_core.package_discovery:discover_packages(recursive) using defaults
[0.117s] Level 1:colcon.colcon_core.package_discovery:discover_packages(ignore) discover
[0.117s] Level 1:colcon.colcon_core.package_discovery:discover_packages(ignore) using defaults
[0.117s] Level 1:colcon.colcon_core.package_discovery:discover_packages(path) discover
[0.117s] Level 1:colcon.colcon_core.package_discovery:discover_packages(path) using defaults
[0.135s] Level 1:colcon.colcon_core.package_discovery:discover_packages(prefix_path) check parameters
[0.135s] Level 1:colcon.colcon_core.package_discovery:discover_packages(prefix_path) discover
[0.138s] DEBUG:colcon.colcon_installed_package_information.package_discovery:Found 267 installed packages in /opt/ros/foxy
[0.138s] Level 1:colcon.colcon_core.package_discovery:discover_packages(prefix_path) using defaults
[0.195s] Level 5:colcon.colcon_core.verb:set package 'ea_ipm' build argument 'cmake_args' from command line to 'None'
[0.195s] Level 5:colcon.colcon_core.verb:set package 'ea_ipm' build argument 'cmake_target' from command line to 'None'
[0.195s] Level 5:colcon.colcon_core.verb:set package 'ea_ipm' build argument 'cmake_target_skip_unavailable' from command line to 'False'
[0.195s] Level 5:colcon.colcon_core.verb:set package 'ea_ipm' build argument 'cmake_clean_cache' from command line to 'False'
[0.195s] Level 5:colcon.colcon_core.verb:set package 'ea_ipm' build argument 'cmake_clean_first' from command line to 'False'
[0.195s] Level 5:colcon.colcon_core.verb:set package 'ea_ipm' build argument 'cmake_force_configure' from command line to 'False'
[0.195s] Level 5:colcon.colcon_core.verb:set package 'ea_ipm' build argument 'ament_cmake_args' from command line to 'None'
[0.195s] Level 5:colcon.colcon_core.verb:set package 'ea_ipm' build argument 'catkin_cmake_args' from command line to 'None'
[0.195s] Level 5:colcon.colcon_core.verb:set package 'ea_ipm' build argument 'catkin_skip_building_tests' from command line to 'False'
[0.195s] DEBUG:colcon.colcon_core.verb:Building package 'ea_ipm' with the following arguments: {'ament_cmake_args': None, 'build_base': '/home/pjy/ros2_ws/src/ea_ipm/build/ea_ipm', 'catkin_cmake_args': None, 'catkin_skip_building_tests': False, 'cmake_args': None, 'cmake_clean_cache': False, 'cmake_clean_first': False, 'cmake_force_configure': False, 'cmake_target': None, 'cmake_target_skip_unavailable': False, 'install_base': '/home/pjy/ros2_ws/src/ea_ipm/install/ea_ipm', 'merge_install': False, 'path': '/home/pjy/ros2_ws/src/ea_ipm', 'symlink_install': False, 'test_result_base': None}
[0.196s] INFO:colcon.colcon_core.executor:Executing jobs using 'parallel' executor
[0.198s] DEBUG:colcon.colcon_parallel_executor.executor.parallel:run_until_complete
[0.198s] INFO:colcon.colcon_ros.task.ament_cmake.build:Building ROS package in '/home/pjy/ros2_ws/src/ea_ipm' with build type 'ament_cmake'
[0.198s] INFO:colcon.colcon_cmake.task.cmake.build:Building CMake package in '/home/pjy/ros2_ws/src/ea_ipm'
[0.202s] INFO:colcon.colcon_core.plugin_system:Skipping extension 'colcon_core.shell.bat': Not used on non-Windows systems
[0.202s] INFO:colcon.colcon_core.shell:Skip shell extension 'powershell' for command environment: Not usable outside of PowerShell
[0.202s] DEBUG:colcon.colcon_core.shell:Skip shell extension 'dsv' for command environment
[0.207s] DEBUG:colcon.colcon_core.event_handler.log_command:Invoking command in '/home/pjy/ros2_ws/src/ea_ipm/build/ea_ipm': CMAKE_PREFIX_PATH=/opt/ros/foxy /usr/bin/cmake /home/pjy/ros2_ws/src/ea_ipm -DCMAKE_INSTALL_PREFIX=/home/pjy/ros2_ws/src/ea_ipm/install/ea_ipm
[1.424s] DEBUG:colcon.colcon_core.event_handler.log_command:Invoked command in '/home/pjy/ros2_ws/src/ea_ipm/build/ea_ipm' returned '0': CMAKE_PREFIX_PATH=/opt/ros/foxy /usr/bin/cmake /home/pjy/ros2_ws/src/ea_ipm -DCMAKE_INSTALL_PREFIX=/home/pjy/ros2_ws/src/ea_ipm/install/ea_ipm
[1.425s] DEBUG:colcon.colcon_core.event_handler.log_command:Invoking command in '/home/pjy/ros2_ws/src/ea_ipm/build/ea_ipm': CMAKE_PREFIX_PATH=/opt/ros/foxy /usr/bin/cmake --build /home/pjy/ros2_ws/src/ea_ipm/build/ea_ipm -- -j16 -l16
[5.605s] DEBUG:colcon.colcon_core.event_handler.log_command:Invoked command in '/home/pjy/ros2_ws/src/ea_ipm/build/ea_ipm' returned '0': CMAKE_PREFIX_PATH=/opt/ros/foxy /usr/bin/cmake --build /home/pjy/ros2_ws/src/ea_ipm/build/ea_ipm -- -j16 -l16
[5.638s] DEBUG:colcon.colcon_core.event_handler.log_command:Invoking command in '/home/pjy/ros2_ws/src/ea_ipm/build/ea_ipm': CMAKE_PREFIX_PATH=/opt/ros/foxy /usr/bin/cmake --install /home/pjy/ros2_ws/src/ea_ipm/build/ea_ipm
[5.652s] Level 1:colcon.colcon_core.environment:create_environment_scripts_only(ea_ipm)
[5.653s] DEBUG:colcon.colcon_core.event_handler.log_command:Invoked command in '/home/pjy/ros2_ws/src/ea_ipm/build/ea_ipm' returned '0': CMAKE_PREFIX_PATH=/opt/ros/foxy /usr/bin/cmake --install /home/pjy/ros2_ws/src/ea_ipm/build/ea_ipm
[5.669s] Level 1:colcon.colcon_core.environment:checking '/home/pjy/ros2_ws/src/ea_ipm/install/ea_ipm' for CMake module files
[5.669s] Level 1:colcon.colcon_core.environment:checking '/home/pjy/ros2_ws/src/ea_ipm/install/ea_ipm' for CMake config files
[5.669s] Level 1:colcon.colcon_core.shell:create_environment_hook('ea_ipm', 'cmake_prefix_path')
[5.671s] INFO:colcon.colcon_core.shell:Creating environment hook '/home/pjy/ros2_ws/src/ea_ipm/install/ea_ipm/share/ea_ipm/hook/cmake_prefix_path.ps1'
[5.672s] INFO:colcon.colcon_core.shell:Creating environment descriptor '/home/pjy/ros2_ws/src/ea_ipm/install/ea_ipm/share/ea_ipm/hook/cmake_prefix_path.dsv'
[5.672s] INFO:colcon.colcon_core.shell:Creating environment hook '/home/pjy/ros2_ws/src/ea_ipm/install/ea_ipm/share/ea_ipm/hook/cmake_prefix_path.sh'
[5.673s] Level 1:colcon.colcon_core.environment:checking '/home/pjy/ros2_ws/src/ea_ipm/install/ea_ipm/lib'
[5.673s] Level 1:colcon.colcon_core.environment:checking '/home/pjy/ros2_ws/src/ea_ipm/install/ea_ipm/bin'
[5.673s] Level 1:colcon.colcon_core.environment:checking '/home/pjy/ros2_ws/src/ea_ipm/install/ea_ipm/lib/pkgconfig/ea_ipm.pc'
[5.673s] Level 1:colcon.colcon_core.environment:checking '/home/pjy/ros2_ws/src/ea_ipm/install/ea_ipm/lib/python3.8/site-packages'
[5.673s] Level 1:colcon.colcon_core.environment:checking '/home/pjy/ros2_ws/src/ea_ipm/install/ea_ipm/bin'
[5.674s] INFO:colcon.colcon_core.shell:Creating package script '/home/pjy/ros2_ws/src/ea_ipm/install/ea_ipm/share/ea_ipm/package.ps1'
[5.675s] INFO:colcon.colcon_core.shell:Creating package descriptor '/home/pjy/ros2_ws/src/ea_ipm/install/ea_ipm/share/ea_ipm/package.dsv'
[5.675s] INFO:colcon.colcon_core.shell:Creating package script '/home/pjy/ros2_ws/src/ea_ipm/install/ea_ipm/share/ea_ipm/package.sh'
[5.675s] INFO:colcon.colcon_core.shell:Creating package script '/home/pjy/ros2_ws/src/ea_ipm/install/ea_ipm/share/ea_ipm/package.bash'
[5.676s] INFO:colcon.colcon_core.shell:Creating package script '/home/pjy/ros2_ws/src/ea_ipm/install/ea_ipm/share/ea_ipm/package.zsh'
[5.676s] Level 1:colcon.colcon_core.environment:create_file_with_runtime_dependencies(/home/pjy/ros2_ws/src/ea_ipm/install/ea_ipm/share/colcon-core/packages/ea_ipm)
[5.690s] Level 1:colcon.colcon_core.environment:create_environment_scripts_only(ea_ipm)
[5.691s] Level 1:colcon.colcon_core.environment:checking '/home/pjy/ros2_ws/src/ea_ipm/install/ea_ipm' for CMake module files
[5.691s] Level 1:colcon.colcon_core.environment:checking '/home/pjy/ros2_ws/src/ea_ipm/install/ea_ipm' for CMake config files
[5.692s] Level 1:colcon.colcon_core.shell:create_environment_hook('ea_ipm', 'cmake_prefix_path')
[5.692s] INFO:colcon.colcon_core.shell:Creating environment hook '/home/pjy/ros2_ws/src/ea_ipm/install/ea_ipm/share/ea_ipm/hook/cmake_prefix_path.ps1'
[5.693s] INFO:colcon.colcon_core.shell:Creating environment descriptor '/home/pjy/ros2_ws/src/ea_ipm/install/ea_ipm/share/ea_ipm/hook/cmake_prefix_path.dsv'
[5.693s] INFO:colcon.colcon_core.shell:Creating environment hook '/home/pjy/ros2_ws/src/ea_ipm/install/ea_ipm/share/ea_ipm/hook/cmake_prefix_path.sh'
[5.693s] Level 1:colcon.colcon_core.environment:checking '/home/pjy/ros2_ws/src/ea_ipm/install/ea_ipm/lib'
[5.693s] Level 1:colcon.colcon_core.environment:checking '/home/pjy/ros2_ws/src/ea_ipm/install/ea_ipm/bin'
[5.693s] Level 1:colcon.colcon_core.environment:checking '/home/pjy/ros2_ws/src/ea_ipm/install/ea_ipm/lib/pkgconfig/ea_ipm.pc'
[5.693s] Level 1:colcon.colcon_core.environment:checking '/home/pjy/ros2_ws/src/ea_ipm/install/ea_ipm/lib/python3.8/site-packages'
[5.694s] Level 1:colcon.colcon_core.environment:checking '/home/pjy/ros2_ws/src/ea_ipm/install/ea_ipm/bin'
[5.694s] INFO:colcon.colcon_core.shell:Creating package script '/home/pjy/ros2_ws/src/ea_ipm/install/ea_ipm/share/ea_ipm/package.ps1'
[5.695s] INFO:colcon.colcon_core.shell:Creating package descriptor '/home/pjy/ros2_ws/src/ea_ipm/install/ea_ipm/share/ea_ipm/package.dsv'
[5.695s] INFO:colcon.colcon_core.shell:Creating package script '/home/pjy/ros2_ws/src/ea_ipm/install/ea_ipm/share/ea_ipm/package.sh'
[5.695s] INFO:colcon.colcon_core.shell:Creating package script '/home/pjy/ros2_ws/src/ea_ipm/install/ea_ipm/share/ea_ipm/package.bash'
[5.695s] INFO:colcon.colcon_core.shell:Creating package script '/home/pjy/ros2_ws/src/ea_ipm/install/ea_ipm/share/ea_ipm/package.zsh'
[5.695s] Level 1:colcon.colcon_core.environment:create_file_with_runtime_dependencies(/home/pjy/ros2_ws/src/ea_ipm/install/ea_ipm/share/colcon-core/packages/ea_ipm)
[5.696s] DEBUG:colcon.colcon_parallel_executor.executor.parallel:closing loop
[5.696s] DEBUG:colcon.colcon_parallel_executor.executor.parallel:loop closed
[5.696s] DEBUG:colcon.colcon_parallel_executor.executor.parallel:run_until_complete finished with '0'
[5.696s] DEBUG:colcon.colcon_core.event_reactor:joining thread
[5.701s] INFO:colcon.colcon_core.plugin_system:Skipping extension 'colcon_notification.desktop_notification.terminal_notifier': Not used on non-Darwin systems
[5.702s] INFO:colcon.colcon_core.plugin_system:Skipping extension 'colcon_notification.desktop_notification.win32': Not used on non-Windows systems
[5.702s] INFO:colcon.colcon_notification.desktop_notification:Sending desktop notification using 'notify2'
[5.729s] DEBUG:colcon.colcon_core.event_reactor:joined thread
[5.730s] INFO:colcon.colcon_core.shell:Creating prefix script '/home/pjy/ros2_ws/src/ea_ipm/install/local_setup.ps1'
[5.731s] INFO:colcon.colcon_core.shell:Creating prefix util module '/home/pjy/ros2_ws/src/ea_ipm/install/_local_setup_util_ps1.py'
[5.732s] INFO:colcon.colcon_core.shell:Creating prefix chain script '/home/pjy/ros2_ws/src/ea_ipm/install/setup.ps1'
[5.733s] INFO:colcon.colcon_core.shell:Creating prefix script '/home/pjy/ros2_ws/src/ea_ipm/install/local_setup.sh'
[5.733s] INFO:colcon.colcon_core.shell:Creating prefix util module '/home/pjy/ros2_ws/src/ea_ipm/install/_local_setup_util_sh.py'
[5.733s] INFO:colcon.colcon_core.shell:Creating prefix chain script '/home/pjy/ros2_ws/src/ea_ipm/install/setup.sh'
[5.734s] INFO:colcon.colcon_core.shell:Creating prefix script '/home/pjy/ros2_ws/src/ea_ipm/install/local_setup.bash'
[5.734s] INFO:colcon.colcon_core.shell:Creating prefix chain script '/home/pjy/ros2_ws/src/ea_ipm/install/setup.bash'
[5.735s] INFO:colcon.colcon_core.shell:Creating prefix script '/home/pjy/ros2_ws/src/ea_ipm/install/local_setup.zsh'
[5.736s] INFO:colcon.colcon_core.shell:Creating prefix chain script '/home/pjy/ros2_ws/src/ea_ipm/install/setup.zsh'
