[0.009s] Invoking command in '/home/pjy/ros2_ws/src/ea_ipm/build/ea_ipm': CMAKE_PREFIX_PATH=${CMAKE_PREFIX_PATH}:/opt/ros/foxy /usr/bin/cmake --build /home/pjy/ros2_ws/src/ea_ipm/build/ea_ipm -- -j16 -l16
[0.033s] [35m[1mScanning dependencies of target ea_ipm_node[0m
[0.053s] [ 33%] [32mBuilding CXX object CMakeFiles/ea_ipm_node.dir/src/get_ea_ipm.cpp.o[0m
[1.475s] In file included from [01m[K/usr/include/opencv4/opencv2/core/cvdef.h:171[m[K,
[1.475s]                  from [01m[K/usr/include/opencv4/opencv2/core.hpp:52[m[K,
[1.476s]                  from [01m[K/usr/include/opencv4/opencv2/opencv.hpp:52[m[K,
[1.476s]                  from [01m[K/home/pjy/ros2_ws/src/ea_ipm/include/ea_ipm/get_ea_ipm.h:7[m[K,
[1.476s]                  from [01m[K/home/pjy/ros2_ws/src/ea_ipm/src/get_ea_ipm.cpp:5[m[K:
[1.476s] [01m[K/home/pjy/ros2_ws/src/ea_ipm/src/get_ea_ipm.cpp:[m[K In member function ‘[01m[Kcv::Mat EA_IPM::get_roi_mask(cv::Mat, cv::Point*)[m[K’:
[1.476s] [01m[K/home/pjy/ros2_ws/src/ea_ipm/src/get_ea_ipm.cpp:18:63:[m[K [01;31m[Kerror: [m[Kexpected unqualified-id before ‘[01m[K([m[K’ token
[1.476s]    18 |     cv::Mat roi_mask = cv::Mat::zeros(img.rows, img.cols, cv::[01;31m[KCV_8UC1[m[K);
[1.476s]       |                                                               [01;31m[K^~~~~~~[m[K
[1.476s] [01m[K/home/pjy/ros2_ws/src/ea_ipm/src/get_ea_ipm.cpp:16:54:[m[K [01;35m[Kwarning: [m[Kunused parameter ‘[01m[Kpoints[m[K’ [[01;35m[K-Wunused-parameter[m[K]
[1.476s]    16 | cv::Mat EA_IPM::get_roi_mask(cv::Mat img, [01;35m[Kcv::Point* points[m[K)
[1.476s]       |                                           [01;35m[K~~~~~~~~~~~^~~~~~[m[K
[1.482s] [01m[K/home/pjy/ros2_ws/src/ea_ipm/src/get_ea_ipm.cpp:[m[K In member function ‘[01m[Kvoid EA_IPM::topic_callback(sensor_msgs::msg::CompressedImage_<std::allocator<void> >::SharedPtr)[m[K’:
[1.482s] [01m[K/home/pjy/ros2_ws/src/ea_ipm/src/get_ea_ipm.cpp:34:45:[m[K [01;31m[Kerror: [m[Kno matching function for call to ‘[01m[KEA_IPM::get_roi_mask(cv::Mat&)[m[K’
[1.482s]    34 |     mask = get_roi_mask(front_img_ptr->image[01;31m[K)[m[K;
[1.482s]       |                                             [01;31m[K^[m[K
[1.482s] [01m[K/home/pjy/ros2_ws/src/ea_ipm/src/get_ea_ipm.cpp:16:9:[m[K [01;36m[Knote: [m[Kcandidate: ‘[01m[Kcv::Mat EA_IPM::get_roi_mask(cv::Mat, cv::Point*)[m[K’
[1.482s]    16 | cv::Mat [01;36m[KEA_IPM[m[K::get_roi_mask(cv::Mat img, cv::Point* points)
[1.482s]       |         [01;36m[K^~~~~~[m[K
[1.482s] [01m[K/home/pjy/ros2_ws/src/ea_ipm/src/get_ea_ipm.cpp:16:9:[m[K [01;36m[Knote: [m[K  candidate expects 2 arguments, 1 provided
[2.630s] make[2]: *** [CMakeFiles/ea_ipm_node.dir/build.make:63: CMakeFiles/ea_ipm_node.dir/src/get_ea_ipm.cpp.o] Error 1
[2.630s] make[1]: *** [CMakeFiles/Makefile2:78: CMakeFiles/ea_ipm_node.dir/all] Error 2
[2.630s] make: *** [Makefile:141: all] Error 2
[2.632s] Invoked command in '/home/pjy/ros2_ws/src/ea_ipm/build/ea_ipm' returned '2': CMAKE_PREFIX_PATH=${CMAKE_PREFIX_PATH}:/opt/ros/foxy /usr/bin/cmake --build /home/pjy/ros2_ws/src/ea_ipm/build/ea_ipm -- -j16 -l16
