[0.082s] DEBUG:colcon:Command line arguments: ['/usr/bin/colcon', 'build']
[0.082s] DEBUG:colcon:Parsed command line arguments: Namespace(allow_overriding=[], ament_cmake_args=None, base_paths=['.'], build_base='build', catkin_cmake_args=None, catkin_skip_building_tests=False, cmake_args=None, cmake_clean_cache=False, cmake_clean_first=False, cmake_force_configure=False, cmake_target=None, cmake_target_skip_unavailable=False, continue_on_error=False, event_handlers=None, executor='parallel', ignore_user_meta=False, install_base='install', log_base=None, log_level=None, main=<bound method BuildVerb.main of <colcon_core.verb.build.BuildVerb object at 0x7fd68a37c670>>, merge_install=False, metas=['./colcon.meta'], packages_above=None, packages_above_and_dependencies=None, packages_above_depth=None, packages_end=None, packages_ignore=None, packages_ignore_regex=None, packages_select=None, packages_select_build_failed=False, packages_select_by_dep=None, packages_select_regex=None, packages_select_test_failures=False, packages_skip=None, packages_skip_build_finished=False, packages_skip_by_dep=None, packages_skip_regex=None, packages_skip_test_passed=False, packages_skip_up_to=None, packages_start=None, packages_up_to=None, packages_up_to_regex=None, parallel_workers=16, paths=None, symlink_install=False, test_result_base=None, verb_extension=<colcon_core.verb.build.BuildVerb object at 0x7fd68a37c670>, verb_name='build', verb_parser=<colcon_defaults.argument_parser.defaults.DefaultArgumentsDecorator object at 0x7fd68a37cbb0>)
[0.096s] Level 1:colcon.colcon_core.package_discovery:discover_packages(colcon_meta) check parameters
[0.096s] Level 1:colcon.colcon_core.package_discovery:discover_packages(recursive) check parameters
[0.096s] Level 1:colcon.colcon_core.package_discovery:discover_packages(ignore) check parameters
[0.096s] Level 1:colcon.colcon_core.package_discovery:discover_packages(path) check parameters
[0.096s] Level 1:colcon.colcon_core.package_discovery:discover_packages(colcon_meta) discover
[0.096s] Level 1:colcon.colcon_core.package_discovery:discover_packages(recursive) discover
[0.096s] INFO:colcon.colcon_core.package_discovery:Crawling recursively for packages in '/home/pjy/ros2_ws/src/ea_ipm'
[0.096s] Level 1:colcon.colcon_core.package_identification:_identify(.) by extensions ['ignore', 'ignore_ament_install']
[0.096s] Level 1:colcon.colcon_core.package_identification:_identify(.) by extension 'ignore'
[0.096s] Level 1:colcon.colcon_core.package_identification:_identify(.) by extension 'ignore_ament_install'
[0.096s] Level 1:colcon.colcon_core.package_identification:_identify(.) by extensions ['colcon_pkg']
[0.096s] Level 1:colcon.colcon_core.package_identification:_identify(.) by extension 'colcon_pkg'
[0.096s] Level 1:colcon.colcon_core.package_identification:_identify(.) by extensions ['colcon_meta']
[0.096s] Level 1:colcon.colcon_core.package_identification:_identify(.) by extension 'colcon_meta'
[0.096s] Level 1:colcon.colcon_core.package_identification:_identify(.) by extensions ['ros']
[0.096s] Level 1:colcon.colcon_core.package_identification:_identify(.) by extension 'ros'
[0.104s] DEBUG:colcon.colcon_core.package_identification:Package '.' with type 'ros.ament_cmake' and name 'ea_ipm'
[0.104s] Level 1:colcon.colcon_core.package_discovery:discover_packages(recursive) using defaults
[0.104s] Level 1:colcon.colcon_core.package_discovery:discover_packages(ignore) discover
[0.104s] Level 1:colcon.colcon_core.package_discovery:discover_packages(ignore) using defaults
[0.105s] Level 1:colcon.colcon_core.package_discovery:discover_packages(path) discover
[0.105s] Level 1:colcon.colcon_core.package_discovery:discover_packages(path) using defaults
[0.121s] Level 1:colcon.colcon_core.package_discovery:discover_packages(prefix_path) check parameters
[0.121s] Level 1:colcon.colcon_core.package_discovery:discover_packages(prefix_path) discover
[0.122s] DEBUG:colcon.colcon_installed_package_information.package_discovery:Found 1 installed packages in /home/pjy/ros2_ws/src/ea_ipm/install
[0.123s] DEBUG:colcon.colcon_installed_package_information.package_discovery:Found 267 installed packages in /opt/ros/foxy
[0.124s] Level 1:colcon.colcon_core.package_discovery:discover_packages(prefix_path) using defaults
[0.162s] Level 5:colcon.colcon_core.verb:set package 'ea_ipm' build argument 'cmake_args' from command line to 'None'
[0.162s] Level 5:colcon.colcon_core.verb:set package 'ea_ipm' build argument 'cmake_target' from command line to 'None'
[0.162s] Level 5:colcon.colcon_core.verb:set package 'ea_ipm' build argument 'cmake_target_skip_unavailable' from command line to 'False'
[0.163s] Level 5:colcon.colcon_core.verb:set package 'ea_ipm' build argument 'cmake_clean_cache' from command line to 'False'
[0.163s] Level 5:colcon.colcon_core.verb:set package 'ea_ipm' build argument 'cmake_clean_first' from command line to 'False'
[0.163s] Level 5:colcon.colcon_core.verb:set package 'ea_ipm' build argument 'cmake_force_configure' from command line to 'False'
[0.163s] Level 5:colcon.colcon_core.verb:set package 'ea_ipm' build argument 'ament_cmake_args' from command line to 'None'
[0.163s] Level 5:colcon.colcon_core.verb:set package 'ea_ipm' build argument 'catkin_cmake_args' from command line to 'None'
[0.163s] Level 5:colcon.colcon_core.verb:set package 'ea_ipm' build argument 'catkin_skip_building_tests' from command line to 'False'
[0.163s] DEBUG:colcon.colcon_core.verb:Building package 'ea_ipm' with the following arguments: {'ament_cmake_args': None, 'build_base': '/home/pjy/ros2_ws/src/ea_ipm/build/ea_ipm', 'catkin_cmake_args': None, 'catkin_skip_building_tests': False, 'cmake_args': None, 'cmake_clean_cache': False, 'cmake_clean_first': False, 'cmake_force_configure': False, 'cmake_target': None, 'cmake_target_skip_unavailable': False, 'install_base': '/home/pjy/ros2_ws/src/ea_ipm/install/ea_ipm', 'merge_install': False, 'path': '/home/pjy/ros2_ws/src/ea_ipm', 'symlink_install': False, 'test_result_base': None}
[0.163s] INFO:colcon.colcon_core.executor:Executing jobs using 'parallel' executor
[0.166s] DEBUG:colcon.colcon_parallel_executor.executor.parallel:run_until_complete
[0.166s] INFO:colcon.colcon_ros.task.ament_cmake.build:Building ROS package in '/home/pjy/ros2_ws/src/ea_ipm' with build type 'ament_cmake'
[0.166s] INFO:colcon.colcon_cmake.task.cmake.build:Building CMake package in '/home/pjy/ros2_ws/src/ea_ipm'
[0.168s] INFO:colcon.colcon_core.plugin_system:Skipping extension 'colcon_core.shell.bat': Not used on non-Windows systems
[0.168s] INFO:colcon.colcon_core.shell:Skip shell extension 'powershell' for command environment: Not usable outside of PowerShell
[0.168s] DEBUG:colcon.colcon_core.shell:Skip shell extension 'dsv' for command environment
[0.176s] DEBUG:colcon.colcon_core.event_handler.log_command:Invoking command in '/home/pjy/ros2_ws/src/ea_ipm/build/ea_ipm': CMAKE_PREFIX_PATH=${CMAKE_PREFIX_PATH}:/opt/ros/foxy /usr/bin/cmake --build /home/pjy/ros2_ws/src/ea_ipm/build/ea_ipm -- -j16 -l16
[0.236s] DEBUG:colcon.colcon_core.event_handler.log_command:Invoked command in '/home/pjy/ros2_ws/src/ea_ipm/build/ea_ipm' returned '0': CMAKE_PREFIX_PATH=${CMAKE_PREFIX_PATH}:/opt/ros/foxy /usr/bin/cmake --build /home/pjy/ros2_ws/src/ea_ipm/build/ea_ipm -- -j16 -l16
[0.296s] DEBUG:colcon.colcon_core.event_handler.log_command:Invoking command in '/home/pjy/ros2_ws/src/ea_ipm/build/ea_ipm': CMAKE_PREFIX_PATH=${CMAKE_PREFIX_PATH}:/opt/ros/foxy /usr/bin/cmake --install /home/pjy/ros2_ws/src/ea_ipm/build/ea_ipm
[0.312s] Level 1:colcon.colcon_core.environment:create_environment_scripts_only(ea_ipm)
[0.312s] DEBUG:colcon.colcon_core.event_handler.log_command:Invoked command in '/home/pjy/ros2_ws/src/ea_ipm/build/ea_ipm' returned '0': CMAKE_PREFIX_PATH=${CMAKE_PREFIX_PATH}:/opt/ros/foxy /usr/bin/cmake --install /home/pjy/ros2_ws/src/ea_ipm/build/ea_ipm
[0.315s] Level 1:colcon.colcon_core.environment:checking '/home/pjy/ros2_ws/src/ea_ipm/install/ea_ipm' for CMake module files
[0.315s] Level 1:colcon.colcon_core.environment:checking '/home/pjy/ros2_ws/src/ea_ipm/install/ea_ipm' for CMake config files
[0.315s] Level 1:colcon.colcon_core.shell:create_environment_hook('ea_ipm', 'cmake_prefix_path')
[0.316s] INFO:colcon.colcon_core.shell:Creating environment hook '/home/pjy/ros2_ws/src/ea_ipm/install/ea_ipm/share/ea_ipm/hook/cmake_prefix_path.ps1'
[0.317s] INFO:colcon.colcon_core.shell:Creating environment descriptor '/home/pjy/ros2_ws/src/ea_ipm/install/ea_ipm/share/ea_ipm/hook/cmake_prefix_path.dsv'
[0.317s] INFO:colcon.colcon_core.shell:Creating environment hook '/home/pjy/ros2_ws/src/ea_ipm/install/ea_ipm/share/ea_ipm/hook/cmake_prefix_path.sh'
[0.317s] Level 1:colcon.colcon_core.environment:checking '/home/pjy/ros2_ws/src/ea_ipm/install/ea_ipm/lib'
[0.317s] Level 1:colcon.colcon_core.environment:checking '/home/pjy/ros2_ws/src/ea_ipm/install/ea_ipm/bin'
[0.317s] Level 1:colcon.colcon_core.environment:checking '/home/pjy/ros2_ws/src/ea_ipm/install/ea_ipm/lib/pkgconfig/ea_ipm.pc'
[0.318s] Level 1:colcon.colcon_core.environment:checking '/home/pjy/ros2_ws/src/ea_ipm/install/ea_ipm/lib/python3.8/site-packages'
[0.318s] Level 1:colcon.colcon_core.environment:checking '/home/pjy/ros2_ws/src/ea_ipm/install/ea_ipm/bin'
[0.318s] INFO:colcon.colcon_core.shell:Creating package script '/home/pjy/ros2_ws/src/ea_ipm/install/ea_ipm/share/ea_ipm/package.ps1'
[0.319s] INFO:colcon.colcon_core.shell:Creating package descriptor '/home/pjy/ros2_ws/src/ea_ipm/install/ea_ipm/share/ea_ipm/package.dsv'
[0.319s] INFO:colcon.colcon_core.shell:Creating package script '/home/pjy/ros2_ws/src/ea_ipm/install/ea_ipm/share/ea_ipm/package.sh'
[0.320s] INFO:colcon.colcon_core.shell:Creating package script '/home/pjy/ros2_ws/src/ea_ipm/install/ea_ipm/share/ea_ipm/package.bash'
[0.320s] INFO:colcon.colcon_core.shell:Creating package script '/home/pjy/ros2_ws/src/ea_ipm/install/ea_ipm/share/ea_ipm/package.zsh'
[0.320s] Level 1:colcon.colcon_core.environment:create_file_with_runtime_dependencies(/home/pjy/ros2_ws/src/ea_ipm/install/ea_ipm/share/colcon-core/packages/ea_ipm)
[0.335s] Level 1:colcon.colcon_core.environment:create_environment_scripts_only(ea_ipm)
[0.336s] Level 1:colcon.colcon_core.environment:checking '/home/pjy/ros2_ws/src/ea_ipm/install/ea_ipm' for CMake module files
[0.336s] Level 1:colcon.colcon_core.environment:checking '/home/pjy/ros2_ws/src/ea_ipm/install/ea_ipm' for CMake config files
[0.336s] Level 1:colcon.colcon_core.shell:create_environment_hook('ea_ipm', 'cmake_prefix_path')
[0.337s] INFO:colcon.colcon_core.shell:Creating environment hook '/home/pjy/ros2_ws/src/ea_ipm/install/ea_ipm/share/ea_ipm/hook/cmake_prefix_path.ps1'
[0.338s] INFO:colcon.colcon_core.shell:Creating environment descriptor '/home/pjy/ros2_ws/src/ea_ipm/install/ea_ipm/share/ea_ipm/hook/cmake_prefix_path.dsv'
[0.338s] INFO:colcon.colcon_core.shell:Creating environment hook '/home/pjy/ros2_ws/src/ea_ipm/install/ea_ipm/share/ea_ipm/hook/cmake_prefix_path.sh'
[0.338s] Level 1:colcon.colcon_core.environment:checking '/home/pjy/ros2_ws/src/ea_ipm/install/ea_ipm/lib'
[0.338s] Level 1:colcon.colcon_core.environment:checking '/home/pjy/ros2_ws/src/ea_ipm/install/ea_ipm/bin'
[0.338s] Level 1:colcon.colcon_core.environment:checking '/home/pjy/ros2_ws/src/ea_ipm/install/ea_ipm/lib/pkgconfig/ea_ipm.pc'
[0.338s] Level 1:colcon.colcon_core.environment:checking '/home/pjy/ros2_ws/src/ea_ipm/install/ea_ipm/lib/python3.8/site-packages'
[0.338s] Level 1:colcon.colcon_core.environment:checking '/home/pjy/ros2_ws/src/ea_ipm/install/ea_ipm/bin'
[0.339s] INFO:colcon.colcon_core.shell:Creating package script '/home/pjy/ros2_ws/src/ea_ipm/install/ea_ipm/share/ea_ipm/package.ps1'
[0.339s] INFO:colcon.colcon_core.shell:Creating package descriptor '/home/pjy/ros2_ws/src/ea_ipm/install/ea_ipm/share/ea_ipm/package.dsv'
[0.340s] INFO:colcon.colcon_core.shell:Creating package script '/home/pjy/ros2_ws/src/ea_ipm/install/ea_ipm/share/ea_ipm/package.sh'
[0.340s] INFO:colcon.colcon_core.shell:Creating package script '/home/pjy/ros2_ws/src/ea_ipm/install/ea_ipm/share/ea_ipm/package.bash'
[0.340s] INFO:colcon.colcon_core.shell:Creating package script '/home/pjy/ros2_ws/src/ea_ipm/install/ea_ipm/share/ea_ipm/package.zsh'
[0.340s] Level 1:colcon.colcon_core.environment:create_file_with_runtime_dependencies(/home/pjy/ros2_ws/src/ea_ipm/install/ea_ipm/share/colcon-core/packages/ea_ipm)
[0.340s] DEBUG:colcon.colcon_parallel_executor.executor.parallel:closing loop
[0.341s] DEBUG:colcon.colcon_parallel_executor.executor.parallel:loop closed
[0.341s] DEBUG:colcon.colcon_parallel_executor.executor.parallel:run_until_complete finished with '0'
[0.341s] DEBUG:colcon.colcon_core.event_reactor:joining thread
[0.344s] INFO:colcon.colcon_core.plugin_system:Skipping extension 'colcon_notification.desktop_notification.terminal_notifier': Not used on non-Darwin systems
[0.344s] INFO:colcon.colcon_core.plugin_system:Skipping extension 'colcon_notification.desktop_notification.win32': Not used on non-Windows systems
[0.345s] INFO:colcon.colcon_notification.desktop_notification:Sending desktop notification using 'notify2'
[0.349s] DEBUG:colcon.colcon_core.event_reactor:joined thread
[0.350s] INFO:colcon.colcon_core.shell:Creating prefix script '/home/pjy/ros2_ws/src/ea_ipm/install/local_setup.ps1'
[0.350s] INFO:colcon.colcon_core.shell:Creating prefix util module '/home/pjy/ros2_ws/src/ea_ipm/install/_local_setup_util_ps1.py'
[0.351s] INFO:colcon.colcon_core.shell:Creating prefix chain script '/home/pjy/ros2_ws/src/ea_ipm/install/setup.ps1'
[0.352s] INFO:colcon.colcon_core.shell:Creating prefix script '/home/pjy/ros2_ws/src/ea_ipm/install/local_setup.sh'
[0.352s] INFO:colcon.colcon_core.shell:Creating prefix util module '/home/pjy/ros2_ws/src/ea_ipm/install/_local_setup_util_sh.py'
[0.352s] INFO:colcon.colcon_core.shell:Creating prefix chain script '/home/pjy/ros2_ws/src/ea_ipm/install/setup.sh'
[0.353s] INFO:colcon.colcon_core.shell:Creating prefix script '/home/pjy/ros2_ws/src/ea_ipm/install/local_setup.bash'
[0.353s] INFO:colcon.colcon_core.shell:Creating prefix chain script '/home/pjy/ros2_ws/src/ea_ipm/install/setup.bash'
[0.354s] INFO:colcon.colcon_core.shell:Creating prefix script '/home/pjy/ros2_ws/src/ea_ipm/install/local_setup.zsh'
[0.354s] INFO:colcon.colcon_core.shell:Creating prefix chain script '/home/pjy/ros2_ws/src/ea_ipm/install/setup.zsh'
