[01m[K/home/pjy/ros2_ws/src/ea_ipm/src/get_ea_ipm.cpp:16:9:[m[K [01;31m[Kerror: [m[Kno declaration matches ‘[01m[Kcv::Mat EA_IPM::get_roi_mask(cv::Mat)[m[K’
   16 | cv::Mat [01;31m[KEA_IPM[m[K::get_roi_mask(cv::Mat img)
      |         [01;31m[K^~~~~~[m[K
In file included from [01m[K/home/pjy/ros2_ws/src/ea_ipm/src/get_ea_ipm.cpp:5[m[K:
[01m[K/home/pjy/ros2_ws/src/ea_ipm/include/ea_ipm/get_ea_ipm.h:20:17:[m[K [01;36m[Knote: [m[Kcandidate is: ‘[01m[Kcv::Mat EA_IPM::get_roi_mask(cv::Mat, cv::Point*)[m[K’
   20 |         cv::Mat [01;36m[Kget_roi_mask[m[K(cv::Mat img, cv::Point* points);
      |                 [01;36m[K^~~~~~~~~~~~[m[K
[01m[K/home/pjy/ros2_ws/src/ea_ipm/include/ea_ipm/get_ea_ipm.h:13:7:[m[K [01;36m[Knote: [m[K‘[01m[Kclass EA_IPM[m[K’ defined here
   13 | class [01;36m[KEA_IPM[m[K : public rclcpp::Node // node class 상속
      |       [01;36m[K^~~~~~[m[K
[01m[K/home/pjy/ros2_ws/src/ea_ipm/src/get_ea_ipm.cpp:[m[K In member function ‘[01m[Kvoid EA_IPM::topic_callback(sensor_msgs::msg::CompressedImage_<std::allocator<void> >::SharedPtr)[m[K’:
[01m[K/home/pjy/ros2_ws/src/ea_ipm/src/get_ea_ipm.cpp:34:45:[m[K [01;31m[Kerror: [m[Kno matching function for call to ‘[01m[KEA_IPM::get_roi_mask(cv::Mat&)[m[K’
   34 |     mask = get_roi_mask(front_img_ptr->image[01;31m[K)[m[K;
      |                                             [01;31m[K^[m[K
In file included from [01m[K/home/pjy/ros2_ws/src/ea_ipm/src/get_ea_ipm.cpp:5[m[K:
[01m[K/home/pjy/ros2_ws/src/ea_ipm/include/ea_ipm/get_ea_ipm.h:20:17:[m[K [01;36m[Knote: [m[Kcandidate: ‘[01m[Kcv::Mat EA_IPM::get_roi_mask(cv::Mat, cv::Point*)[m[K’
   20 |         cv::Mat [01;36m[Kget_roi_mask[m[K(cv::Mat img, cv::Point* points);
      |                 [01;36m[K^~~~~~~~~~~~[m[K
[01m[K/home/pjy/ros2_ws/src/ea_ipm/include/ea_ipm/get_ea_ipm.h:20:17:[m[K [01;36m[Knote: [m[K  candidate expects 2 arguments, 1 provided
make[2]: *** [CMakeFiles/ea_ipm_node.dir/build.make:63: CMakeFiles/ea_ipm_node.dir/src/get_ea_ipm.cpp.o] Error 1
make[1]: *** [CMakeFiles/Makefile2:78: CMakeFiles/ea_ipm_node.dir/all] Error 2
make: *** [Makefile:141: all] Error 2
