[0.010s] Invoking command in '/home/pjy/ros2_ws/src/ea_ipm/build/ea_ipm': CMAKE_PREFIX_PATH=${CMAKE_PREFIX_PATH}:/opt/ros/foxy /usr/bin/cmake --build /home/pjy/ros2_ws/src/ea_ipm/build/ea_ipm -- -j16 -l16
[0.034s] [35m[1mScanning dependencies of target ea_ipm_node[0m
[0.054s] [ 33%] [32mBuilding CXX object CMakeFiles/ea_ipm_node.dir/src/get_ea_ipm.cpp.o[0m
[1.423s] [01m[K/home/pjy/ros2_ws/src/ea_ipm/src/get_ea_ipm.cpp:16:9:[m[K [01;31m[Kerror: [m[Kno declaration matches ‘[01m[Kcv::Mat EA_IPM::get_roi_mask(cv::Mat)[m[K’
[1.423s]    16 | cv::Mat [01;31m[KEA_IPM[m[K::get_roi_mask(cv::Mat img)
[1.423s]       |         [01;31m[K^~~~~~[m[K
[1.423s] In file included from [01m[K/home/pjy/ros2_ws/src/ea_ipm/src/get_ea_ipm.cpp:5[m[K:
[1.423s] [01m[K/home/pjy/ros2_ws/src/ea_ipm/include/ea_ipm/get_ea_ipm.h:20:17:[m[K [01;36m[Knote: [m[Kcandidate is: ‘[01m[Kcv::Mat EA_IPM::get_roi_mask(cv::Mat, cv::Point*)[m[K’
[1.423s]    20 |         cv::Mat [01;36m[Kget_roi_mask[m[K(cv::Mat img, cv::Point* points);
[1.423s]       |                 [01;36m[K^~~~~~~~~~~~[m[K
[1.423s] [01m[K/home/pjy/ros2_ws/src/ea_ipm/include/ea_ipm/get_ea_ipm.h:13:7:[m[K [01;36m[Knote: [m[K‘[01m[Kclass EA_IPM[m[K’ defined here
[1.423s]    13 | class [01;36m[KEA_IPM[m[K : public rclcpp::Node // node class 상속
[1.423s]       |       [01;36m[K^~~~~~[m[K
[1.429s] [01m[K/home/pjy/ros2_ws/src/ea_ipm/src/get_ea_ipm.cpp:[m[K In member function ‘[01m[Kvoid EA_IPM::topic_callback(sensor_msgs::msg::CompressedImage_<std::allocator<void> >::SharedPtr)[m[K’:
[1.429s] [01m[K/home/pjy/ros2_ws/src/ea_ipm/src/get_ea_ipm.cpp:34:45:[m[K [01;31m[Kerror: [m[Kno matching function for call to ‘[01m[KEA_IPM::get_roi_mask(cv::Mat&)[m[K’
[1.429s]    34 |     mask = get_roi_mask(front_img_ptr->image[01;31m[K)[m[K;
[1.429s]       |                                             [01;31m[K^[m[K
[1.429s] In file included from [01m[K/home/pjy/ros2_ws/src/ea_ipm/src/get_ea_ipm.cpp:5[m[K:
[1.429s] [01m[K/home/pjy/ros2_ws/src/ea_ipm/include/ea_ipm/get_ea_ipm.h:20:17:[m[K [01;36m[Knote: [m[Kcandidate: ‘[01m[Kcv::Mat EA_IPM::get_roi_mask(cv::Mat, cv::Point*)[m[K’
[1.429s]    20 |         cv::Mat [01;36m[Kget_roi_mask[m[K(cv::Mat img, cv::Point* points);
[1.429s]       |                 [01;36m[K^~~~~~~~~~~~[m[K
[1.429s] [01m[K/home/pjy/ros2_ws/src/ea_ipm/include/ea_ipm/get_ea_ipm.h:20:17:[m[K [01;36m[Knote: [m[K  candidate expects 2 arguments, 1 provided
[2.547s] make[2]: *** [CMakeFiles/ea_ipm_node.dir/build.make:63: CMakeFiles/ea_ipm_node.dir/src/get_ea_ipm.cpp.o] Error 1
[2.547s] make[1]: *** [CMakeFiles/Makefile2:78: CMakeFiles/ea_ipm_node.dir/all] Error 2
[2.547s] make: *** [Makefile:141: all] Error 2
[2.549s] Invoked command in '/home/pjy/ros2_ws/src/ea_ipm/build/ea_ipm' returned '2': CMAKE_PREFIX_PATH=${CMAKE_PREFIX_PATH}:/opt/ros/foxy /usr/bin/cmake --build /home/pjy/ros2_ws/src/ea_ipm/build/ea_ipm -- -j16 -l16
