[0.009s] Invoking command in '/home/pjy/ros2_ws/src/ea_ipm/build/ea_ipm': CMAKE_PREFIX_PATH=/opt/ros/foxy /usr/bin/cmake /home/pjy/ros2_ws/src/ea_ipm -DCMAKE_INSTALL_PREFIX=/home/pjy/ros2_ws/src/ea_ipm/install/ea_ipm
[0.056s] -- The C compiler identification is GNU 9.4.0
[0.103s] -- The CXX compiler identification is GNU 9.4.0
[0.108s] -- Check for working C compiler: /usr/bin/cc
[0.158s] -- Check for working C compiler: /usr/bin/cc -- works
[0.159s] -- Detecting C compiler ABI info
[0.231s] -- Detecting C compiler ABI info - done
[0.245s] -- Detecting C compile features
[0.246s] -- Detecting C compile features - done
[0.249s] -- Check for working CXX compiler: /usr/bin/c++
[0.325s] -- Check for working CXX compiler: /usr/bin/c++ -- works
[0.325s] -- Detecting CXX compiler ABI info
[0.371s] -- Detecting CXX compiler ABI info - done
[0.378s] -- Detecting CXX compile features
[0.379s] -- Detecting CXX compile features - done
[0.383s] -- Found ament_cmake: 0.9.9 (/opt/ros/foxy/share/ament_cmake/cmake)
[0.399s] -- Found PythonInterp: /usr/bin/python3 (found suitable version "3.8.10", minimum required is "3") 
[0.399s] -- Using PYTHON_EXECUTABLE: /usr/bin/python3
[0.538s] -- Found rclcpp: 2.4.1 (/opt/ros/foxy/share/rclcpp/cmake)
[0.579s] -- Using all available rosidl_typesupport_c: rosidl_typesupport_fastrtps_c;rosidl_typesupport_introspection_c
[0.585s] -- Found rosidl_adapter: 1.2.1 (/opt/ros/foxy/share/rosidl_adapter/cmake)
[0.643s] -- Found OpenSSL: /usr/lib/x86_64-linux-gnu/libcrypto.so (found version "1.1.1f")  
[0.663s] -- Found FastRTPS: /opt/ros/foxy/include  
[0.718s] -- Using all available rosidl_typesupport_cpp: rosidl_typesupport_fastrtps_cpp;rosidl_typesupport_introspection_cpp
[0.761s] -- Found rmw_implementation_cmake: 1.0.3 (/opt/ros/foxy/share/rmw_implementation_cmake/cmake)
[0.762s] -- Using RMW implementation 'rmw_fastrtps_cpp' as default
[0.763s] -- Looking for pthread.h
[0.809s] -- Looking for pthread.h - found
[0.809s] -- Performing Test CMAKE_HAVE_LIBC_PTHREAD
[0.856s] -- Performing Test CMAKE_HAVE_LIBC_PTHREAD - Failed
[0.857s] -- Looking for pthread_create in pthreads
[0.892s] -- Looking for pthread_create in pthreads - not found
[0.892s] -- Looking for pthread_create in pthread
[0.934s] -- Looking for pthread_create in pthread - found
[0.935s] -- Found Threads: TRUE  
[1.043s] -- Found sensor_msgs: 2.0.5 (/opt/ros/foxy/share/sensor_msgs/cmake)
[1.137s] -- Found OpenCV: /usr (found version "4.2.0") 
[1.138s] -- Found cv_bridge: 2.2.1 (/opt/ros/foxy/share/cv_bridge/cmake)
[1.145s] -- Found ament_lint_auto: 0.9.6 (/opt/ros/foxy/share/ament_lint_auto/cmake)
[1.197s] -- Added test 'copyright' to check source files copyright and LICENSE
[1.200s] -- Added test 'cppcheck' to perform static code analysis on C / C++ code
[1.200s] -- Configured cppcheck include dirs: 
[1.200s] -- Configured cppcheck exclude dirs and/or files: 
[1.202s] -- Added test 'cpplint' to check C / C++ code against the Google style
[1.203s] -- Configured cpplint exclude dirs and/or files: 
[1.204s] -- Added test 'lint_cmake' to check CMake code style
[1.207s] -- Added test 'uncrustify' to check C / C++ code style
[1.207s] -- Configured uncrustify additional arguments: 
[1.208s] -- Added test 'xmllint' to check XML markup files
[1.210s] -- Configuring done
[1.218s] -- Generating done
[1.219s] -- Build files have been written to: /home/pjy/ros2_ws/src/ea_ipm/build/ea_ipm
[1.225s] Invoked command in '/home/pjy/ros2_ws/src/ea_ipm/build/ea_ipm' returned '0': CMAKE_PREFIX_PATH=/opt/ros/foxy /usr/bin/cmake /home/pjy/ros2_ws/src/ea_ipm -DCMAKE_INSTALL_PREFIX=/home/pjy/ros2_ws/src/ea_ipm/install/ea_ipm
[1.226s] Invoking command in '/home/pjy/ros2_ws/src/ea_ipm/build/ea_ipm': CMAKE_PREFIX_PATH=/opt/ros/foxy /usr/bin/cmake --build /home/pjy/ros2_ws/src/ea_ipm/build/ea_ipm -- -j16 -l16
[1.251s] [35m[1mScanning dependencies of target ea_ipm[0m
[1.292s] [ 50%] [32mBuilding CXX object CMakeFiles/ea_ipm.dir/src/get_ea_ipm.cpp.o[0m
[5.020s] [100%] [32m[1mLinking CXX executable ea_ipm[0m
[5.397s] [100%] Built target ea_ipm
[5.407s] Invoked command in '/home/pjy/ros2_ws/src/ea_ipm/build/ea_ipm' returned '0': CMAKE_PREFIX_PATH=/opt/ros/foxy /usr/bin/cmake --build /home/pjy/ros2_ws/src/ea_ipm/build/ea_ipm -- -j16 -l16
[5.439s] Invoking command in '/home/pjy/ros2_ws/src/ea_ipm/build/ea_ipm': CMAKE_PREFIX_PATH=/opt/ros/foxy /usr/bin/cmake --install /home/pjy/ros2_ws/src/ea_ipm/build/ea_ipm
[5.449s] -- Install configuration: ""
[5.449s] -- Installing: /home/pjy/ros2_ws/src/ea_ipm/install/ea_ipm/lib/ea_ipm/ea_ipm
[5.451s] -- Set runtime path of "/home/pjy/ros2_ws/src/ea_ipm/install/ea_ipm/lib/ea_ipm/ea_ipm" to ""
[5.451s] -- Installing: /home/pjy/ros2_ws/src/ea_ipm/install/ea_ipm/share/ament_index/resource_index/package_run_dependencies/ea_ipm
[5.451s] -- Installing: /home/pjy/ros2_ws/src/ea_ipm/install/ea_ipm/share/ament_index/resource_index/parent_prefix_path/ea_ipm
[5.451s] -- Installing: /home/pjy/ros2_ws/src/ea_ipm/install/ea_ipm/share/ea_ipm/environment/ament_prefix_path.sh
[5.451s] -- Installing: /home/pjy/ros2_ws/src/ea_ipm/install/ea_ipm/share/ea_ipm/environment/ament_prefix_path.dsv
[5.451s] -- Installing: /home/pjy/ros2_ws/src/ea_ipm/install/ea_ipm/share/ea_ipm/environment/path.sh
[5.451s] -- Installing: /home/pjy/ros2_ws/src/ea_ipm/install/ea_ipm/share/ea_ipm/environment/path.dsv
[5.452s] -- Installing: /home/pjy/ros2_ws/src/ea_ipm/install/ea_ipm/share/ea_ipm/local_setup.bash
[5.452s] -- Installing: /home/pjy/ros2_ws/src/ea_ipm/install/ea_ipm/share/ea_ipm/local_setup.sh
[5.452s] -- Installing: /home/pjy/ros2_ws/src/ea_ipm/install/ea_ipm/share/ea_ipm/local_setup.zsh
[5.452s] -- Installing: /home/pjy/ros2_ws/src/ea_ipm/install/ea_ipm/share/ea_ipm/local_setup.dsv
[5.452s] -- Installing: /home/pjy/ros2_ws/src/ea_ipm/install/ea_ipm/share/ea_ipm/package.dsv
[5.452s] -- Installing: /home/pjy/ros2_ws/src/ea_ipm/install/ea_ipm/share/ament_index/resource_index/packages/ea_ipm
[5.452s] -- Installing: /home/pjy/ros2_ws/src/ea_ipm/install/ea_ipm/share/ea_ipm/cmake/ea_ipmConfig.cmake
[5.452s] -- Installing: /home/pjy/ros2_ws/src/ea_ipm/install/ea_ipm/share/ea_ipm/cmake/ea_ipmConfig-version.cmake
[5.452s] -- Installing: /home/pjy/ros2_ws/src/ea_ipm/install/ea_ipm/share/ea_ipm/package.xml
[5.454s] Invoked command in '/home/pjy/ros2_ws/src/ea_ipm/build/ea_ipm' returned '0': CMAKE_PREFIX_PATH=/opt/ros/foxy /usr/bin/cmake --install /home/pjy/ros2_ws/src/ea_ipm/build/ea_ipm
